Watching for file changes with StatReloader
Performing system checks...

YOLOv5 🚀 v6.0-69-g76d90d8 torch 1.10.0+cu102 CUDA:0 (NVIDIA GeForce RTX 2060, 5926MiB)

Fusing layers... 
Model Summary: 396 layers, 35445168 parameters, 0 gradients
Adding AutoShape... 
WARNING:tensorflow:SavedModel saved prior to TF 2.5 detected when loading Keras model. Please ensure that you are saving the model with model.save() or tf.keras.models.save_model(), *NOT* tf.saved_model.save(). To confirm, there should be a file named "keras_metadata.pb" in the SavedModel directory.
SavedModel saved prior to TF 2.5 detected when loading Keras model. Please ensure that you are saving the model with model.save() or tf.keras.models.save_model(), *NOT* tf.saved_model.save(). To confirm, there should be a file named "keras_metadata.pb" in the SavedModel directory.
2021-11-07 08:51:17.972975: I tensorflow/core/platform/cpu_feature_guard.cc:142] This TensorFlow binary is optimized with oneAPI Deep Neural Network Library (oneDNN) to use the following CPU instructions in performance-critical operations:  AVX2 FMA
To enable them in other operations, rebuild TensorFlow with the appropriate compiler flags.
2021-11-07 08:51:21.537084: I tensorflow/core/common_runtime/gpu/gpu_device.cc:1510] Created device /job:localhost/replica:0/task:0/device:GPU:0 with 3343 MB memory:  -> device: 0, name: NVIDIA GeForce RTX 2060, pci bus id: 0000:01:00.0, compute capability: 7.5
System check identified no issues (0 silenced).
November 07, 2021 - 08:51:22
Django version 3.2.9, using settings 'modelService.settings'
Starting development server at http://0.0.0.0:8001/
Quit the server with CONTROL-C.
2021-11-07 08:51:30.898247: I tensorflow/stream_executor/cuda/cuda_dnn.cc:369] Loaded cuDNN version 8101
uint8
uint8
[07/Nov/2021 08:52:10] "GET /api/labeling HTTP/1.1" 200 444
uint8
uint8
[07/Nov/2021 08:53:39] "GET /api/labeling HTTP/1.1" 200 345
uint8
uint8
[07/Nov/2021 08:59:30] "GET /api/labeling HTTP/1.1" 200 247
/home/konkuk/GraduateProject/modelService/apis/classification.py changed, reloading.
/home/konkuk/GraduateProject/modelService/apis/classification.py changed, reloading.
Watching for file changes with StatReloader
Performing system checks...

YOLOv5 🚀 v6.0-69-g76d90d8 torch 1.10.0+cu102 CUDA:0 (NVIDIA GeForce RTX 2060, 5926MiB)

Fusing layers... 
Model Summary: 396 layers, 35445168 parameters, 0 gradients
Adding AutoShape... 
WARNING:tensorflow:SavedModel saved prior to TF 2.5 detected when loading Keras model. Please ensure that you are saving the model with model.save() or tf.keras.models.save_model(), *NOT* tf.saved_model.save(). To confirm, there should be a file named "keras_metadata.pb" in the SavedModel directory.
SavedModel saved prior to TF 2.5 detected when loading Keras model. Please ensure that you are saving the model with model.save() or tf.keras.models.save_model(), *NOT* tf.saved_model.save(). To confirm, there should be a file named "keras_metadata.pb" in the SavedModel directory.
2021-11-07 10:13:49.293548: I tensorflow/core/platform/cpu_feature_guard.cc:142] This TensorFlow binary is optimized with oneAPI Deep Neural Network Library (oneDNN) to use the following CPU instructions in performance-critical operations:  AVX2 FMA
To enable them in other operations, rebuild TensorFlow with the appropriate compiler flags.
2021-11-07 10:13:53.148008: I tensorflow/core/common_runtime/gpu/gpu_device.cc:1510] Created device /job:localhost/replica:0/task:0/device:GPU:0 with 3343 MB memory:  -> device: 0, name: NVIDIA GeForce RTX 2060, pci bus id: 0000:01:00.0, compute capability: 7.5
System check identified no issues (0 silenced).
November 07, 2021 - 10:13:54
Django version 3.2.9, using settings 'modelService.settings'
Starting development server at http://0.0.0.0:8001/
Quit the server with CONTROL-C.
Not Found: /
Not Found: /
[07/Nov/2021 10:22:41] "GET / HTTP/1.1" 404 2174
Not Found: /favicon.ico
Not Found: /favicon.ico
[07/Nov/2021 10:22:42] "GET /favicon.ico HTTP/1.1" 404 2225
Not Found: /api
Not Found: /api
[07/Nov/2021 10:22:45] "GET /api HTTP/1.1" 404 2201
Not Found: /api/
Not Found: /api/
[07/Nov/2021 10:22:50] "GET /api/ HTTP/1.1" 404 3438
YOLOv5 🚀 v6.0-69-g76d90d8 torch 1.10.0+cu102 CUDA:0 (NVIDIA GeForce RTX 2060, 5926MiB)

Fusing layers... 
Model Summary: 396 layers, 35445168 parameters, 0 gradients
Adding AutoShape... 
WARNING:tensorflow:SavedModel saved prior to TF 2.5 detected when loading Keras model. Please ensure that you are saving the model with model.save() or tf.keras.models.save_model(), *NOT* tf.saved_model.save(). To confirm, there should be a file named "keras_metadata.pb" in the SavedModel directory.
SavedModel saved prior to TF 2.5 detected when loading Keras model. Please ensure that you are saving the model with model.save() or tf.keras.models.save_model(), *NOT* tf.saved_model.save(). To confirm, there should be a file named "keras_metadata.pb" in the SavedModel directory.
[07/Nov/2021 10:23:02] "GET /api/modelupdate HTTP/1.1" 200 21
YOLOv5 🚀 v6.0-69-g76d90d8 torch 1.10.0+cu102 CUDA:0 (NVIDIA GeForce RTX 2060, 5926MiB)

Fusing layers... 
Model Summary: 396 layers, 35445168 parameters, 0 gradients
Adding AutoShape... 
[07/Nov/2021 10:33:54] "GET /api/modelupdate HTTP/1.1" 200 21
